2015-05-09 19:49:34,092 ERROR [CoreLib] Error occured while lanching the Browser ::'GC' 
2015-05-09 19:49:34,125 INFO  [CoreLib] [TestResult name=test_TC01_Logout status=FAILURE method=TC02_Logout.test_TC01_Logout()[pri:0, instance:com.gmail.tests.TC02_Logout@76dff374] output={null}] 
2015-05-09 19:49:34,138 INFO  [CoreLib] Test Parameters Size  ::0 
2015-05-09 19:49:34,146 ERROR [CoreLib] Error Occured while taking the Screenshot... null 
2015-05-09 19:49:34,147 INFO  [CoreLib] ###################################### 
2015-05-09 19:49:34,147 INFO  [CoreLib] TC01 Status :: Fail 
2015-05-09 19:49:34,148 INFO  [CoreLib] ###################################### 
2015-05-09 19:49:37,923 INFO  [CoreLib] Application Loaded with URL 'https://www.gmail.com' 
2015-05-09 19:49:50,597 ERROR [CoreLib] Element  'Email' =not found after 10 seconds  
2015-05-09 19:49:50,603 INFO  [CoreLib] [TestResult name=test_TC01_Login status=FAILURE method=TC01_Login.test_TC01_Login()[pri:0, instance:com.gmail.tests.TC01_Login@1cecbb6e] output={null}] 
2015-05-09 19:49:50,603 INFO  [CoreLib] Test Parameters Size  ::0 
2015-05-09 19:49:50,604 ERROR [CoreLib] Error Occured while taking the Screenshot... null 
2015-05-09 19:49:50,604 INFO  [CoreLib] ###################################### 
2015-05-09 19:49:50,605 INFO  [CoreLib] TC01 Status :: Fail 
2015-05-09 19:49:50,605 INFO  [CoreLib] ###################################### 
