<?xml version="1.0" encoding="UTF-8"?>
<testng-results skipped="0" failed="0" total="1" passed="1">
  <reporter-output>
  </reporter-output>
  <suite name="Default suite" duration-ms="80603" started-at="2015-05-10T15:19:32Z" finished-at="2015-05-10T15:20:53Z">
    <groups>
    </groups>
    <test name="Default test" duration-ms="80603" started-at="2015-05-10T15:19:32Z" finished-at="2015-05-10T15:20:53Z">
      <class name="com.gmail.tests.TC01_Login">
        <test-method status="PASS" signature="test_TC01_Login()[pri:0, instance:com.gmail.tests.TC01_Login@29d0eefb]" name="test_TC01_Login" duration-ms="80247" started-at="2015-05-10T20:49:32Z" finished-at="2015-05-10T20:50:53Z">
          <reporter-output>
          </reporter-output>
        </test-method> <!-- test_TC01_Login -->
        <test-method status="PASS" signature="fCloseBrowser()[pri:0, instance:com.gmail.tests.TC01_Login@29d0eefb]" name="fCloseBrowser" is-config="true" duration-ms="24" started-at="2015-05-10T20:50:53Z" finished-at="2015-05-10T20:50:53Z">
          <reporter-output>
          </reporter-output>
        </test-method> <!-- fCloseBrowser -->
      </class> <!-- com.gmail.tests.TC01_Login -->
    </test> <!-- Default test -->
  </suite> <!-- Default suite -->
</testng-results>
